# JRE version: Java(TM) SE Runtime Environment (8.0_381) (build 1.8.0_381-b09)
# Java VM: Java HotSpot(TM) 64-Bit Server VM (25.381-b09 mixed mode windows-amd64 compressed oops)
Heap:
 PSYoungGen      total 208384K, used 42244K [0x00000000e0000000, 0x00000000f0700000, 0x0000000100000000)
  eden space 189440K, 12% used [0x00000000e0000000,0x00000000e16e07a8,0x00000000eb900000)
  from space 18944K, 99% used [0x00000000eb900000,0x00000000ecb60ab8,0x00000000ecb80000)
  to   space 21504K, 0% used [0x00000000ef200000,0x00000000ef200000,0x00000000f0700000)
 ParOldGen       total 84992K, used 34145K [0x00000000a0000000, 0x00000000a5300000, 0x00000000e0000000)
  object space 84992K, 40% used [0x00000000a0000000,0x00000000a21585b8,0x00000000a5300000)
 Metaspace       used 66636K, capacity 70148K, committed 70272K, reserved 1110016K
  class space    used 9435K, capacity 10058K, committed 10112K, reserved 1048576K
GC Heap History (10 events):
Event: 6.374 GC heap before
{Heap before GC invocations=12 (full 2):
 PSYoungGen      total 136192K, used 125440K [0x00000000e0000000, 0x00000000eb900000, 0x0000000100000000)
  eden space 125440K, 100% used [0x00000000e0000000,0x00000000e7a80000,0x00000000e7a80000)
  from space 10752K, 0% used [0x00000000e7a80000,0x00000000e7a80000,0x00000000e8500000)
  to   space 12288K, 0% used [0x00000000ead00000,0x00000000ead00000,0x00000000eb900000)
 ParOldGen       total 84992K, used 18065K [0x00000000a0000000, 0x00000000a5300000, 0x00000000e0000000)
  object space 84992K, 21% used [0x00000000a0000000,0x00000000a11a46e8,0x00000000a5300000)
 Metaspace       used 38241K, capacity 39884K, committed 40064K, reserved 1083392K
  class space    used 5359K, capacity 5700K, committed 5760K, reserved 1048576K
Event: 6.382 GC heap after
Heap after GC invocations=12 (full 2):
 PSYoungGen      total 163328K, used 7265K [0x00000000e0000000, 0x00000000eb480000, 0x0000000100000000)
  eden space 155648K, 0% used [0x00000000e0000000,0x00000000e0000000,0x00000000e9800000)
  from space 7680K, 94% used [0x00000000ead00000,0x00000000eb418660,0x00000000eb480000)
  to   space 11776K, 0% used [0x00000000e9d80000,0x00000000e9d80000,0x00000000ea900000)
 ParOldGen       total 84992K, used 18073K [0x00000000a0000000, 0x00000000a5300000, 0x00000000e0000000)
  object space 84992K, 21% used [0x00000000a0000000,0x00000000a11a66e8,0x00000000a5300000)
 Metaspace       used 38241K, capacity 39884K, committed 40064K, reserved 1083392K
  class space    used 5359K, capacity 5700K, committed 5760K, reserved 1048576K
}
Event: 7.732 GC heap before
{Heap before GC invocations=13 (full 2):
 PSYoungGen      total 163328K, used 162913K [0x00000000e0000000, 0x00000000eb480000, 0x0000000100000000)
  eden space 155648K, 100% used [0x00000000e0000000,0x00000000e9800000,0x00000000e9800000)
  from space 7680K, 94% used [0x00000000ead00000,0x00000000eb418660,0x00000000eb480000)
  to   space 11776K, 0% used [0x00000000e9d80000,0x00000000e9d80000,0x00000000ea900000)
 ParOldGen       total 84992K, used 18073K [0x00000000a0000000, 0x00000000a5300000, 0x00000000e0000000)
  object space 84992K, 21% used [0x00000000a0000000,0x00000000a11a66e8,0x00000000a5300000)
 Metaspace       used 51391K, capacity 53504K, committed 53632K, reserved 1095680K
  class space    used 7082K, capacity 7516K, committed 7552K, reserved 1048576K
Event: 7.749 GC heap after
Heap after GC invocations=13 (full 2):
 PSYoungGen      total 173056K, used 11748K [0x00000000e0000000, 0x00000000edc00000, 0x0000000100000000)
  eden space 161280K, 0% used [0x00000000e0000000,0x00000000e0000000,0x00000000e9d80000)
  from space 11776K, 99% used [0x00000000e9d80000,0x00000000ea8f9320,0x00000000ea900000)
  to   space 16896K, 0% used [0x00000000ecb80000,0x00000000ecb80000,0x00000000edc00000)
 ParOldGen       total 84992K, used 28258K [0x00000000a0000000, 0x00000000a5300000, 0x00000000e0000000)
  object space 84992K, 33% used [0x00000000a0000000,0x00000000a1b98be0,0x00000000a5300000)
 Metaspace       used 51391K, capacity 53504K, committed 53632K, reserved 1095680K
  class space    used 7082K, capacity 7516K, committed 7552K, reserved 1048576K
}
Event: 8.281 GC heap before
{Heap before GC invocations=14 (full 2):
 PSYoungGen      total 173056K, used 71416K [0x00000000e0000000, 0x00000000edc00000, 0x0000000100000000)
  eden space 161280K, 36% used [0x00000000e0000000,0x00000000e3a44d10,0x00000000e9d80000)
  from space 11776K, 99% used [0x00000000e9d80000,0x00000000ea8f9320,0x00000000ea900000)
  to   space 16896K, 0% used [0x00000000ecb80000,0x00000000ecb80000,0x00000000edc00000)
 ParOldGen       total 84992K, used 28258K [0x00000000a0000000, 0x00000000a5300000, 0x00000000e0000000)
  object space 84992K, 33% used [0x00000000a0000000,0x00000000a1b98be0,0x00000000a5300000)
 Metaspace       used 56768K, capacity 59030K, committed 59136K, reserved 1099776K
  class space    used 7982K, capacity 8431K, committed 8448K, reserved 1048576K
Event: 8.300 GC heap after
Heap after GC invocations=14 (full 2):
 PSYoungGen      total 206336K, used 16003K [0x00000000e0000000, 0x00000000eec80000, 0x0000000100000000)
  eden space 189440K, 0% used [0x00000000e0000000,0x00000000e0000000,0x00000000eb900000)
  from space 16896K, 94% used [0x00000000ecb80000,0x00000000edb20e90,0x00000000edc00000)
  to   space 18944K, 0% used [0x00000000eb900000,0x00000000eb900000,0x00000000ecb80000)
 ParOldGen       total 84992K, used 31764K [0x00000000a0000000, 0x00000000a5300000, 0x00000000e0000000)
  object space 84992K, 37% used [0x00000000a0000000,0x00000000a1f05360,0x00000000a5300000)
 Metaspace       used 56768K, capacity 59030K, committed 59136K, reserved 1099776K
  class space    used 7982K, capacity 8431K, committed 8448K, reserved 1048576K
}
Event: 8.300 GC heap before
{Heap before GC invocations=15 (full 3):
 PSYoungGen      total 206336K, used 16003K [0x00000000e0000000, 0x00000000eec80000, 0x0000000100000000)
  eden space 189440K, 0% used [0x00000000e0000000,0x00000000e0000000,0x00000000eb900000)
  from space 16896K, 94% used [0x00000000ecb80000,0x00000000edb20e90,0x00000000edc00000)
  to   space 18944K, 0% used [0x00000000eb900000,0x00000000eb900000,0x00000000ecb80000)
 ParOldGen       total 84992K, used 31764K [0x00000000a0000000, 0x00000000a5300000, 0x00000000e0000000)
  object space 84992K, 37% used [0x00000000a0000000,0x00000000a1f05360,0x00000000a5300000)
 Metaspace       used 56768K, capacity 59030K, committed 59136K, reserved 1099776K
  class space    used 7982K, capacity 8431K, committed 8448K, reserved 1048576K
Event: 8.486 GC heap after
Heap after GC invocations=15 (full 3):
 PSYoungGen      total 206336K, used 0K [0x00000000e0000000, 0x00000000eec80000, 0x0000000100000000)
  eden space 189440K, 0% used [0x00000000e0000000,0x00000000e0000000,0x00000000eb900000)
  from space 16896K, 0% used [0x00000000ecb80000,0x00000000ecb80000,0x00000000edc00000)
  to   space 18944K, 0% used [0x00000000eb900000,0x00000000eb900000,0x00000000ecb80000)
 ParOldGen       total 84992K, used 34073K [0x00000000a0000000, 0x00000000a5300000, 0x00000000e0000000)
  object space 84992K, 40% used [0x00000000a0000000,0x00000000a21465a8,0x00000000a5300000)
 Metaspace       used 56750K, capacity 58970K, committed 59136K, reserved 1099776K
  class space    used 7977K, capacity 8421K, committed 8448K, reserved 1048576K
}
Event: 10.214 GC heap before
{Heap before GC invocations=16 (full 3):
 PSYoungGen      total 206336K, used 189440K [0x00000000e0000000, 0x00000000eec80000, 0x0000000100000000)
  eden space 189440K, 100% used [0x00000000e0000000,0x00000000eb900000,0x00000000eb900000)
  from space 16896K, 0% used [0x00000000ecb80000,0x00000000ecb80000,0x00000000edc00000)
  to   space 18944K, 0% used [0x00000000eb900000,0x00000000eb900000,0x00000000ecb80000)
 ParOldGen       total 84992K, used 34073K [0x00000000a0000000, 0x00000000a5300000, 0x00000000e0000000)
  object space 84992K, 40% used [0x00000000a0000000,0x00000000a21465a8,0x00000000a5300000)
 Metaspace       used 66353K, capacity 69766K, committed 70016K, reserved 1110016K
  class space    used 9418K, capacity 10045K, committed 10112K, reserved 1048576K
Event: 10.228 GC heap after
Heap after GC invocations=16 (full 3):
 PSYoungGen      total 208384K, used 18818K [0x00000000e0000000, 0x00000000f0700000, 0x0000000100000000)
  eden space 189440K, 0% used [0x00000000e0000000,0x00000000e0000000,0x00000000eb900000)
  from space 18944K, 99% used [0x00000000eb900000,0x00000000ecb60ab8,0x00000000ecb80000)
  to   space 21504K, 0% used [0x00000000ef200000,0x00000000ef200000,0x00000000f0700000)
 ParOldGen       total 84992K, used 34145K [0x00000000a0000000, 0x00000000a5300000, 0x00000000e0000000)
  object space 84992K, 40% used [0x00000000a0000000,0x00000000a21585b8,0x00000000a5300000)
 Metaspace       used 66353K, capacity 69766K, committed 70016K, reserved 1110016K
  class space    used 9418K, capacity 10045K, committed 10112K, reserved 1048576K
}

