# JRE version: Java(TM) SE Runtime Environment (8.0_381) (build 1.8.0_381-b09)
# Java VM: Java HotSpot(TM) 64-Bit Server VM (25.381-b09 mixed mode windows-amd64 compressed oops)
Heap:
 PSYoungGen      total 382976K, used 250237K [0x00000000e0000000, 0x00000000f8180000, 0x0000000100000000)
  eden space 371200K, 67% used [0x00000000e0000000,0x00000000ef3407a0,0x00000000f6a80000)
  from space 11776K, 9% used [0x00000000f6a80000,0x00000000f6b9ef10,0x00000000f7600000)
  to   space 11776K, 0% used [0x00000000f7600000,0x00000000f7600000,0x00000000f8180000)
 ParOldGen       total 94208K, used 52749K [0x00000000a0000000, 0x00000000a5c00000, 0x00000000e0000000)
  object space 94208K, 55% used [0x00000000a0000000,0x00000000a33834f0,0x00000000a5c00000)
 Metaspace       used 50488K, capacity 53600K, committed 53888K, reserved 1095680K
  class space    used 7179K, capacity 7771K, committed 7808K, reserved 1048576K
GC Heap History (10 events):
Event: 13.172 GC heap before
{Heap before GC invocations=25 (full 2):
 PSYoungGen      total 337408K, used 321426K [0x00000000e0000000, 0x00000000f6c80000, 0x0000000100000000)
  eden space 320512K, 100% used [0x00000000e0000000,0x00000000f3900000,0x00000000f3900000)
  from space 16896K, 5% used [0x00000000f4980000,0x00000000f4a64958,0x00000000f5a00000)
  to   space 16896K, 0% used [0x00000000f3900000,0x00000000f3900000,0x00000000f4980000)
 ParOldGen       total 94208K, used 50200K [0x00000000a0000000, 0x00000000a5c00000, 0x00000000e0000000)
  object space 94208K, 53% used [0x00000000a0000000,0x00000000a3106198,0x00000000a5c00000)
 Metaspace       used 50443K, capacity 53586K, committed 53632K, reserved 1095680K
  class space    used 7172K, capacity 7766K, committed 7808K, reserved 1048576K
Event: 13.177 GC heap after
Heap after GC invocations=25 (full 2):
 PSYoungGen      total 337408K, used 901K [0x00000000e0000000, 0x00000000f6c80000, 0x0000000100000000)
  eden space 320512K, 0% used [0x00000000e0000000,0x00000000e0000000,0x00000000f3900000)
  from space 16896K, 5% used [0x00000000f3900000,0x00000000f39e1590,0x00000000f4980000)
  to   space 16896K, 0% used [0x00000000f4980000,0x00000000f4980000,0x00000000f5a00000)
 ParOldGen       total 94208K, used 50596K [0x00000000a0000000, 0x00000000a5c00000, 0x00000000e0000000)
  object space 94208K, 53% used [0x00000000a0000000,0x00000000a31691c8,0x00000000a5c00000)
 Metaspace       used 50443K, capacity 53586K, committed 53632K, reserved 1095680K
  class space    used 7172K, capacity 7766K, committed 7808K, reserved 1048576K
}
Event: 13.357 GC heap before
{Heap before GC invocations=26 (full 2):
 PSYoungGen      total 337408K, used 321413K [0x00000000e0000000, 0x00000000f6c80000, 0x0000000100000000)
  eden space 320512K, 100% used [0x00000000e0000000,0x00000000f3900000,0x00000000f3900000)
  from space 16896K, 5% used [0x00000000f3900000,0x00000000f39e1590,0x00000000f4980000)
  to   space 16896K, 0% used [0x00000000f4980000,0x00000000f4980000,0x00000000f5a00000)
 ParOldGen       total 94208K, used 50596K [0x00000000a0000000, 0x00000000a5c00000, 0x00000000e0000000)
  object space 94208K, 53% used [0x00000000a0000000,0x00000000a31691c8,0x00000000a5c00000)
 Metaspace       used 50455K, capacity 53586K, committed 53632K, reserved 1095680K
  class space    used 7173K, capacity 7766K, committed 7808K, reserved 1048576K
Event: 13.361 GC heap after
Heap after GC invocations=26 (full 2):
 PSYoungGen      total 337408K, used 1040K [0x00000000e0000000, 0x00000000f6c80000, 0x0000000100000000)
  eden space 320512K, 0% used [0x00000000e0000000,0x00000000e0000000,0x00000000f3900000)
  from space 16896K, 6% used [0x00000000f4980000,0x00000000f4a84238,0x00000000f5a00000)
  to   space 16896K, 0% used [0x00000000f3900000,0x00000000f3900000,0x00000000f4980000)
 ParOldGen       total 94208K, used 51044K [0x00000000a0000000, 0x00000000a5c00000, 0x00000000e0000000)
  object space 94208K, 54% used [0x00000000a0000000,0x00000000a31d9218,0x00000000a5c00000)
 Metaspace       used 50455K, capacity 53586K, committed 53632K, reserved 1095680K
  class space    used 7173K, capacity 7766K, committed 7808K, reserved 1048576K
}
Event: 13.533 GC heap before
{Heap before GC invocations=27 (full 2):
 PSYoungGen      total 337408K, used 321552K [0x00000000e0000000, 0x00000000f6c80000, 0x0000000100000000)
  eden space 320512K, 100% used [0x00000000e0000000,0x00000000f3900000,0x00000000f3900000)
  from space 16896K, 6% used [0x00000000f4980000,0x00000000f4a84238,0x00000000f5a00000)
  to   space 16896K, 0% used [0x00000000f3900000,0x00000000f3900000,0x00000000f4980000)
 ParOldGen       total 94208K, used 51044K [0x00000000a0000000, 0x00000000a5c00000, 0x00000000e0000000)
  object space 94208K, 54% used [0x00000000a0000000,0x00000000a31d9218,0x00000000a5c00000)
 Metaspace       used 50458K, capacity 53586K, committed 53632K, reserved 1095680K
  class space    used 7173K, capacity 7766K, committed 7808K, reserved 1048576K
Event: 13.537 GC heap after
Heap after GC invocations=27 (full 2):
 PSYoungGen      total 337408K, used 790K [0x00000000e0000000, 0x00000000f8200000, 0x0000000100000000)
  eden space 320512K, 0% used [0x00000000e0000000,0x00000000e0000000,0x00000000f3900000)
  from space 16896K, 4% used [0x00000000f3900000,0x00000000f39c5a60,0x00000000f4980000)
  to   space 12288K, 0% used [0x00000000f7600000,0x00000000f7600000,0x00000000f8200000)
 ParOldGen       total 94208K, used 51476K [0x00000000a0000000, 0x00000000a5c00000, 0x00000000e0000000)
  object space 94208K, 54% used [0x00000000a0000000,0x00000000a3245238,0x00000000a5c00000)
 Metaspace       used 50458K, capacity 53586K, committed 53632K, reserved 1095680K
  class space    used 7173K, capacity 7766K, committed 7808K, reserved 1048576K
}
Event: 13.712 GC heap before
{Heap before GC invocations=28 (full 2):
 PSYoungGen      total 337408K, used 321302K [0x00000000e0000000, 0x00000000f8200000, 0x0000000100000000)
  eden space 320512K, 100% used [0x00000000e0000000,0x00000000f3900000,0x00000000f3900000)
  from space 16896K, 4% used [0x00000000f3900000,0x00000000f39c5a60,0x00000000f4980000)
  to   space 12288K, 0% used [0x00000000f7600000,0x00000000f7600000,0x00000000f8200000)
 ParOldGen       total 94208K, used 51584K [0x00000000a0000000, 0x00000000a5c00000, 0x00000000e0000000)
  object space 94208K, 54% used [0x00000000a0000000,0x00000000a3260310,0x00000000a5c00000)
 Metaspace       used 50485K, capacity 53600K, committed 53888K, reserved 1095680K
  class space    used 7179K, capacity 7771K, committed 7808K, reserved 1048576K
Event: 13.716 GC heap after
Heap after GC invocations=28 (full 2):
 PSYoungGen      total 382976K, used 720K [0x00000000e0000000, 0x00000000f8180000, 0x0000000100000000)
  eden space 371200K, 0% used [0x00000000e0000000,0x00000000e0000000,0x00000000f6a80000)
  from space 11776K, 6% used [0x00000000f7600000,0x00000000f76b4010,0x00000000f8180000)
  to   space 11776K, 0% used [0x00000000f6a80000,0x00000000f6a80000,0x00000000f7600000)
 ParOldGen       total 94208K, used 51964K [0x00000000a0000000, 0x00000000a5c00000, 0x00000000e0000000)
  object space 94208K, 55% used [0x00000000a0000000,0x00000000a32bf320,0x00000000a5c00000)
 Metaspace       used 50485K, capacity 53600K, committed 53888K, reserved 1095680K
  class space    used 7179K, capacity 7771K, committed 7808K, reserved 1048576K
}
Event: 13.986 GC heap before
{Heap before GC invocations=29 (full 2):
 PSYoungGen      total 382976K, used 371920K [0x00000000e0000000, 0x00000000f8180000, 0x0000000100000000)
  eden space 371200K, 100% used [0x00000000e0000000,0x00000000f6a80000,0x00000000f6a80000)
  from space 11776K, 6% used [0x00000000f7600000,0x00000000f76b4010,0x00000000f8180000)
  to   space 11776K, 0% used [0x00000000f6a80000,0x00000000f6a80000,0x00000000f7600000)
 ParOldGen       total 94208K, used 52185K [0x00000000a0000000, 0x00000000a5c00000, 0x00000000e0000000)
  object space 94208K, 55% used [0x00000000a0000000,0x00000000a32f64d0,0x00000000a5c00000)
 Metaspace       used 50488K, capacity 53600K, committed 53888K, reserved 1095680K
  class space    used 7179K, capacity 7771K, committed 7808K, reserved 1048576K
Event: 13.992 GC heap after
Heap after GC invocations=29 (full 2):
 PSYoungGen      total 382976K, used 1147K [0x00000000e0000000, 0x00000000f8180000, 0x0000000100000000)
  eden space 371200K, 0% used [0x00000000e0000000,0x00000000e0000000,0x00000000f6a80000)
  from space 11776K, 9% used [0x00000000f6a80000,0x00000000f6b9ef10,0x00000000f7600000)
  to   space 11776K, 0% used [0x00000000f7600000,0x00000000f7600000,0x00000000f8180000)
 ParOldGen       total 94208K, used 52749K [0x00000000a0000000, 0x00000000a5c00000, 0x00000000e0000000)
  object space 94208K, 55% used [0x00000000a0000000,0x00000000a33834f0,0x00000000a5c00000)
 Metaspace       used 50488K, capacity 53600K, committed 53888K, reserved 1095680K
  class space    used 7179K, capacity 7771K, committed 7808K, reserved 1048576K
}

