# JRE version: Java(TM) SE Runtime Environment (8.0_381) (build 1.8.0_381-b09)
# Java VM: Java HotSpot(TM) 64-Bit Server VM (25.381-b09 mixed mode windows-amd64 compressed oops)
Heap:
 PSYoungGen      total 455168K, used 409335K [0x00000000e0000000, 0x0000000100000000, 0x0000000100000000)
  eden space 412672K, 88% used [0x00000000e0000000,0x00000000f66432c0,0x00000000f9300000)
  from space 42496K, 99% used [0x00000000fd680000,0x00000000fffface0,0x0000000100000000)
  to   space 55808K, 0% used [0x00000000f9300000,0x00000000f9300000,0x00000000fc980000)
 ParOldGen       total 249856K, used 189317K [0x00000000a0000000, 0x00000000af400000, 0x00000000e0000000)
  object space 249856K, 75% used [0x00000000a0000000,0x00000000ab8e1678,0x00000000af400000)
 Metaspace       used 133490K, capacity 142734K, committed 142976K, reserved 1173504K
  class space    used 17122K, capacity 18709K, committed 18816K, reserved 1048576K
GC Heap History (10 events):
Event: 3122.882 GC heap before
{Heap before GC invocations=24 (full 4):
 PSYoungGen      total 476160K, used 455007K [0x00000000e0000000, 0x0000000100000000, 0x0000000100000000)
  eden space 433152K, 100% used [0x00000000e0000000,0x00000000fa700000,0x00000000fa700000)
  from space 43008K, 50% used [0x00000000fa700000,0x00000000fbc57e88,0x00000000fd100000)
  to   space 41472K, 0% used [0x00000000fd780000,0x00000000fd780000,0x0000000100000000)
 ParOldGen       total 249856K, used 163516K [0x00000000a0000000, 0x00000000af400000, 0x00000000e0000000)
  object space 249856K, 65% used [0x00000000a0000000,0x00000000a9faf088,0x00000000af400000)
 Metaspace       used 126421K, capacity 134060K, committed 134400K, reserved 1165312K
  class space    used 16327K, capacity 17604K, committed 17664K, reserved 1048576K
Event: 3122.942 GC heap after
Heap after GC invocations=24 (full 4):
 PSYoungGen      total 477696K, used 22917K [0x00000000e0000000, 0x00000000ffc80000, 0x0000000100000000)
  eden space 439808K, 0% used [0x00000000e0000000,0x00000000e0000000,0x00000000fad80000)
  from space 37888K, 60% used [0x00000000fd780000,0x00000000fede14c8,0x00000000ffc80000)
  to   space 40448K, 0% used [0x00000000fad80000,0x00000000fad80000,0x00000000fd500000)
 ParOldGen       total 249856K, used 163524K [0x00000000a0000000, 0x00000000af400000, 0x00000000e0000000)
  object space 249856K, 65% used [0x00000000a0000000,0x00000000a9fb1088,0x00000000af400000)
 Metaspace       used 126421K, capacity 134060K, committed 134400K, reserved 1165312K
  class space    used 16327K, capacity 17604K, committed 17664K, reserved 1048576K
}
Event: 3724.259 GC heap before
{Heap before GC invocations=25 (full 4):
 PSYoungGen      total 477696K, used 462725K [0x00000000e0000000, 0x00000000ffc80000, 0x0000000100000000)
  eden space 439808K, 100% used [0x00000000e0000000,0x00000000fad80000,0x00000000fad80000)
  from space 37888K, 60% used [0x00000000fd780000,0x00000000fede14c8,0x00000000ffc80000)
  to   space 40448K, 0% used [0x00000000fad80000,0x00000000fad80000,0x00000000fd500000)
 ParOldGen       total 249856K, used 163524K [0x00000000a0000000, 0x00000000af400000, 0x00000000e0000000)
  object space 249856K, 65% used [0x00000000a0000000,0x00000000a9fb1088,0x00000000af400000)
 Metaspace       used 131418K, capacity 140040K, committed 140160K, reserved 1171456K
  class space    used 16986K, capacity 18504K, committed 18560K, reserved 1048576K
Event: 3724.444 GC heap after
Heap after GC invocations=25 (full 4):
 PSYoungGen      total 480256K, used 18250K [0x00000000e0000000, 0x00000000fff80000, 0x0000000100000000)
  eden space 439808K, 0% used [0x00000000e0000000,0x00000000e0000000,0x00000000fad80000)
  from space 40448K, 45% used [0x00000000fad80000,0x00000000fbf52ac8,0x00000000fd500000)
  to   space 38912K, 0% used [0x00000000fd980000,0x00000000fd980000,0x00000000fff80000)
 ParOldGen       total 249856K, used 163532K [0x00000000a0000000, 0x00000000af400000, 0x00000000e0000000)
  object space 249856K, 65% used [0x00000000a0000000,0x00000000a9fb3088,0x00000000af400000)
 Metaspace       used 131418K, capacity 140040K, committed 140160K, reserved 1171456K
  class space    used 16986K, capacity 18504K, committed 18560K, reserved 1048576K
}
Event: 3728.657 GC heap before
{Heap before GC invocations=26 (full 4):
 PSYoungGen      total 480256K, used 458058K [0x00000000e0000000, 0x00000000fff80000, 0x0000000100000000)
  eden space 439808K, 100% used [0x00000000e0000000,0x00000000fad80000,0x00000000fad80000)
  from space 40448K, 45% used [0x00000000fad80000,0x00000000fbf52ac8,0x00000000fd500000)
  to   space 38912K, 0% used [0x00000000fd980000,0x00000000fd980000,0x00000000fff80000)
 ParOldGen       total 249856K, used 163532K [0x00000000a0000000, 0x00000000af400000, 0x00000000e0000000)
  object space 249856K, 65% used [0x00000000a0000000,0x00000000a9fb3088,0x00000000af400000)
 Metaspace       used 132191K, capacity 141178K, committed 141312K, reserved 1171456K
  class space    used 17059K, capacity 18635K, committed 18688K, reserved 1048576K
Event: 3728.756 GC heap after
Heap after GC invocations=26 (full 4):
 PSYoungGen      total 478720K, used 19194K [0x00000000e0000000, 0x00000000ffa80000, 0x0000000100000000)
  eden space 444928K, 0% used [0x00000000e0000000,0x00000000e0000000,0x00000000fb280000)
  from space 33792K, 56% used [0x00000000fd980000,0x00000000fec3e9b0,0x00000000ffa80000)
  to   space 36864K, 0% used [0x00000000fb280000,0x00000000fb280000,0x00000000fd680000)
 ParOldGen       total 249856K, used 163540K [0x00000000a0000000, 0x00000000af400000, 0x00000000e0000000)
  object space 249856K, 65% used [0x00000000a0000000,0x00000000a9fb5088,0x00000000af400000)
 Metaspace       used 132191K, capacity 141178K, committed 141312K, reserved 1171456K
  class space    used 17059K, capacity 18635K, committed 18688K, reserved 1048576K
}
Event: 3730.960 GC heap before
{Heap before GC invocations=27 (full 4):
 PSYoungGen      total 478720K, used 464122K [0x00000000e0000000, 0x00000000ffa80000, 0x0000000100000000)
  eden space 444928K, 100% used [0x00000000e0000000,0x00000000fb280000,0x00000000fb280000)
  from space 33792K, 56% used [0x00000000fd980000,0x00000000fec3e9b0,0x00000000ffa80000)
  to   space 36864K, 0% used [0x00000000fb280000,0x00000000fb280000,0x00000000fd680000)
 ParOldGen       total 249856K, used 163540K [0x00000000a0000000, 0x00000000af400000, 0x00000000e0000000)
  object space 249856K, 65% used [0x00000000a0000000,0x00000000a9fb5088,0x00000000af400000)
 Metaspace       used 133224K, capacity 142484K, committed 142720K, reserved 1173504K
  class space    used 17118K, capacity 18704K, committed 18816K, reserved 1048576K
Event: 3731.110 GC heap after
Heap after GC invocations=27 (full 4):
 PSYoungGen      total 481792K, used 36863K [0x00000000e0000000, 0x0000000100000000, 0x0000000100000000)
  eden space 444928K, 0% used [0x00000000e0000000,0x00000000e0000000,0x00000000fb280000)
  from space 36864K, 99% used [0x00000000fb280000,0x00000000fd67fcd8,0x00000000fd680000)
  to   space 42496K, 0% used [0x00000000fd680000,0x00000000fd680000,0x0000000100000000)
 ParOldGen       total 249856K, used 185247K [0x00000000a0000000, 0x00000000af400000, 0x00000000e0000000)
  object space 249856K, 74% used [0x00000000a0000000,0x00000000ab4e7fb8,0x00000000af400000)
 Metaspace       used 133224K, capacity 142484K, committed 142720K, reserved 1173504K
  class space    used 17118K, capacity 18704K, committed 18816K, reserved 1048576K
}
Event: 3732.180 GC heap before
{Heap before GC invocations=28 (full 4):
 PSYoungGen      total 481792K, used 481791K [0x00000000e0000000, 0x0000000100000000, 0x0000000100000000)
  eden space 444928K, 100% used [0x00000000e0000000,0x00000000fb280000,0x00000000fb280000)
  from space 36864K, 99% used [0x00000000fb280000,0x00000000fd67fcd8,0x00000000fd680000)
  to   space 42496K, 0% used [0x00000000fd680000,0x00000000fd680000,0x0000000100000000)
 ParOldGen       total 249856K, used 185247K [0x00000000a0000000, 0x00000000af400000, 0x00000000e0000000)
  object space 249856K, 74% used [0x00000000a0000000,0x00000000ab4e7fb8,0x00000000af400000)
 Metaspace       used 133417K, capacity 142652K, committed 142976K, reserved 1173504K
  class space    used 17120K, capacity 18706K, committed 18816K, reserved 1048576K
Event: 3732.380 GC heap after
Heap after GC invocations=28 (full 4):
 PSYoungGen      total 455168K, used 42475K [0x00000000e0000000, 0x0000000100000000, 0x0000000100000000)
  eden space 412672K, 0% used [0x00000000e0000000,0x00000000e0000000,0x00000000f9300000)
  from space 42496K, 99% used [0x00000000fd680000,0x00000000fffface0,0x0000000100000000)
  to   space 55808K, 0% used [0x00000000f9300000,0x00000000f9300000,0x00000000fc980000)
 ParOldGen       total 249856K, used 189317K [0x00000000a0000000, 0x00000000af400000, 0x00000000e0000000)
  object space 249856K, 75% used [0x00000000a0000000,0x00000000ab8e1678,0x00000000af400000)
 Metaspace       used 133417K, capacity 142652K, committed 142976K, reserved 1173504K
  class space    used 17120K, capacity 18706K, committed 18816K, reserved 1048576K
}

