# JRE version: Java(TM) SE Runtime Environment (8.0_381) (build 1.8.0_381-b09)
# Java VM: Java HotSpot(TM) 64-Bit Server VM (25.381-b09 mixed mode windows-amd64 compressed oops)
Heap:
 PSYoungGen      total 177664K, used 126830K [0x00000000e0000000, 0x00000000ebc00000, 0x0000000100000000)
  eden space 164352K, 77% used [0x00000000e0000000,0x00000000e7bdbbb8,0x00000000ea080000)
  from space 13312K, 0% used [0x00000000eae00000,0x00000000eae00000,0x00000000ebb00000)
  to   space 13824K, 0% used [0x00000000ea080000,0x00000000ea080000,0x00000000eae00000)
 ParOldGen       total 81920K, used 34127K [0x00000000a0000000, 0x00000000a5000000, 0x00000000e0000000)
  object space 81920K, 41% used [0x00000000a0000000,0x00000000a2153f40,0x00000000a5000000)
 Metaspace       used 65498K, capacity 68226K, committed 68480K, reserved 1107968K
  class space    used 9000K, capacity 9494K, committed 9600K, reserved 1048576K
GC Heap History (10 events):
Event: 6.045 GC heap before
{Heap before GC invocations=11 (full 2):
 PSYoungGen      total 134656K, used 10751K [0x00000000e0000000, 0x00000000ebb00000, 0x0000000100000000)
  eden space 123904K, 0% used [0x00000000e0000000,0x00000000e0000000,0x00000000e7900000)
  from space 10752K, 99% used [0x00000000e7900000,0x00000000e837fc78,0x00000000e8380000)
  to   space 13312K, 0% used [0x00000000eae00000,0x00000000eae00000,0x00000000ebb00000)
 ParOldGen       total 52224K, used 10781K [0x00000000a0000000, 0x00000000a3300000, 0x00000000e0000000)
  object space 52224K, 20% used [0x00000000a0000000,0x00000000a0a875b8,0x00000000a3300000)
 Metaspace       used 34182K, capacity 35452K, committed 35496K, reserved 1079296K
  class space    used 4821K, capacity 5119K, committed 5120K, reserved 1048576K
Event: 6.084 GC heap after
Heap after GC invocations=11 (full 2):
 PSYoungGen      total 134656K, used 0K [0x00000000e0000000, 0x00000000ebb00000, 0x0000000100000000)
  eden space 123904K, 0% used [0x00000000e0000000,0x00000000e0000000,0x00000000e7900000)
  from space 10752K, 0% used [0x00000000e7900000,0x00000000e7900000,0x00000000e8380000)
  to   space 13312K, 0% used [0x00000000eae00000,0x00000000eae00000,0x00000000ebb00000)
 ParOldGen       total 81920K, used 20354K [0x00000000a0000000, 0x00000000a5000000, 0x00000000e0000000)
  object space 81920K, 24% used [0x00000000a0000000,0x00000000a13e09b8,0x00000000a5000000)
 Metaspace       used 34182K, capacity 35452K, committed 35496K, reserved 1079296K
  class space    used 4821K, capacity 5119K, committed 5120K, reserved 1048576K
}
Event: 7.283 GC heap before
{Heap before GC invocations=12 (full 2):
 PSYoungGen      total 134656K, used 123904K [0x00000000e0000000, 0x00000000ebb00000, 0x0000000100000000)
  eden space 123904K, 100% used [0x00000000e0000000,0x00000000e7900000,0x00000000e7900000)
  from space 10752K, 0% used [0x00000000e7900000,0x00000000e7900000,0x00000000e8380000)
  to   space 13312K, 0% used [0x00000000eae00000,0x00000000eae00000,0x00000000ebb00000)
 ParOldGen       total 81920K, used 20354K [0x00000000a0000000, 0x00000000a5000000, 0x00000000e0000000)
  object space 81920K, 24% used [0x00000000a0000000,0x00000000a13e09b8,0x00000000a5000000)
 Metaspace       used 40024K, capacity 41846K, committed 41856K, reserved 1085440K
  class space    used 5619K, capacity 6007K, committed 6016K, reserved 1048576K
Event: 7.293 GC heap after
Heap after GC invocations=12 (full 2):
 PSYoungGen      total 177664K, used 10650K [0x00000000e0000000, 0x00000000ebc00000, 0x0000000100000000)
  eden space 164352K, 0% used [0x00000000e0000000,0x00000000e0000000,0x00000000ea080000)
  from space 13312K, 80% used [0x00000000eae00000,0x00000000eb866808,0x00000000ebb00000)
  to   space 13824K, 0% used [0x00000000ea080000,0x00000000ea080000,0x00000000eae00000)
 ParOldGen       total 81920K, used 20362K [0x00000000a0000000, 0x00000000a5000000, 0x00000000e0000000)
  object space 81920K, 24% used [0x00000000a0000000,0x00000000a13e29b8,0x00000000a5000000)
 Metaspace       used 40024K, capacity 41846K, committed 41856K, reserved 1085440K
  class space    used 5619K, capacity 6007K, committed 6016K, reserved 1048576K
}
Event: 9.085 GC heap before
{Heap before GC invocations=13 (full 2):
 PSYoungGen      total 177664K, used 175002K [0x00000000e0000000, 0x00000000ebc00000, 0x0000000100000000)
  eden space 164352K, 100% used [0x00000000e0000000,0x00000000ea080000,0x00000000ea080000)
  from space 13312K, 80% used [0x00000000eae00000,0x00000000eb866808,0x00000000ebb00000)
  to   space 13824K, 0% used [0x00000000ea080000,0x00000000ea080000,0x00000000eae00000)
 ParOldGen       total 81920K, used 20362K [0x00000000a0000000, 0x00000000a5000000, 0x00000000e0000000)
  object space 81920K, 24% used [0x00000000a0000000,0x00000000a13e29b8,0x00000000a5000000)
 Metaspace       used 52911K, capacity 55154K, committed 55424K, reserved 1097728K
  class space    used 7305K, capacity 7773K, committed 7808K, reserved 1048576K
Event: 9.112 GC heap after
Heap after GC invocations=13 (full 2):
 PSYoungGen      total 178176K, used 13794K [0x00000000e0000000, 0x00000000ebc00000, 0x0000000100000000)
  eden space 164352K, 0% used [0x00000000e0000000,0x00000000e0000000,0x00000000ea080000)
  from space 13824K, 99% used [0x00000000ea080000,0x00000000eadf8af8,0x00000000eae00000)
  to   space 13312K, 0% used [0x00000000eae00000,0x00000000eae00000,0x00000000ebb00000)
 ParOldGen       total 81920K, used 29918K [0x00000000a0000000, 0x00000000a5000000, 0x00000000e0000000)
  object space 81920K, 36% used [0x00000000a0000000,0x00000000a1d37938,0x00000000a5000000)
 Metaspace       used 52911K, capacity 55154K, committed 55424K, reserved 1097728K
  class space    used 7305K, capacity 7773K, committed 7808K, reserved 1048576K
}
Event: 9.864 GC heap before
{Heap before GC invocations=14 (full 2):
 PSYoungGen      total 178176K, used 62808K [0x00000000e0000000, 0x00000000ebc00000, 0x0000000100000000)
  eden space 164352K, 29% used [0x00000000e0000000,0x00000000e2fdd7d8,0x00000000ea080000)
  from space 13824K, 99% used [0x00000000ea080000,0x00000000eadf8af8,0x00000000eae00000)
  to   space 13312K, 0% used [0x00000000eae00000,0x00000000eae00000,0x00000000ebb00000)
 ParOldGen       total 81920K, used 29918K [0x00000000a0000000, 0x00000000a5000000, 0x00000000e0000000)
  object space 81920K, 36% used [0x00000000a0000000,0x00000000a1d37938,0x00000000a5000000)
 Metaspace       used 56607K, capacity 58948K, committed 59136K, reserved 1099776K
  class space    used 7961K, capacity 8431K, committed 8448K, reserved 1048576K
Event: 9.876 GC heap after
Heap after GC invocations=14 (full 2):
 PSYoungGen      total 177664K, used 6513K [0x00000000e0000000, 0x00000000ebc00000, 0x0000000100000000)
  eden space 164352K, 0% used [0x00000000e0000000,0x00000000e0000000,0x00000000ea080000)
  from space 13312K, 48% used [0x00000000eae00000,0x00000000eb45c6f0,0x00000000ebb00000)
  to   space 13824K, 0% used [0x00000000ea080000,0x00000000ea080000,0x00000000eae00000)
 ParOldGen       total 81920K, used 38615K [0x00000000a0000000, 0x00000000a5000000, 0x00000000e0000000)
  object space 81920K, 47% used [0x00000000a0000000,0x00000000a25b5cb0,0x00000000a5000000)
 Metaspace       used 56607K, capacity 58948K, committed 59136K, reserved 1099776K
  class space    used 7961K, capacity 8431K, committed 8448K, reserved 1048576K
}
Event: 9.876 GC heap before
{Heap before GC invocations=15 (full 3):
 PSYoungGen      total 177664K, used 6513K [0x00000000e0000000, 0x00000000ebc00000, 0x0000000100000000)
  eden space 164352K, 0% used [0x00000000e0000000,0x00000000e0000000,0x00000000ea080000)
  from space 13312K, 48% used [0x00000000eae00000,0x00000000eb45c6f0,0x00000000ebb00000)
  to   space 13824K, 0% used [0x00000000ea080000,0x00000000ea080000,0x00000000eae00000)
 ParOldGen       total 81920K, used 38615K [0x00000000a0000000, 0x00000000a5000000, 0x00000000e0000000)
  object space 81920K, 47% used [0x00000000a0000000,0x00000000a25b5cb0,0x00000000a5000000)
 Metaspace       used 56607K, capacity 58948K, committed 59136K, reserved 1099776K
  class space    used 7961K, capacity 8431K, committed 8448K, reserved 1048576K
Event: 10.046 GC heap after
Heap after GC invocations=15 (full 3):
 PSYoungGen      total 177664K, used 0K [0x00000000e0000000, 0x00000000ebc00000, 0x0000000100000000)
  eden space 164352K, 0% used [0x00000000e0000000,0x00000000e0000000,0x00000000ea080000)
  from space 13312K, 0% used [0x00000000eae00000,0x00000000eae00000,0x00000000ebb00000)
  to   space 13824K, 0% used [0x00000000ea080000,0x00000000ea080000,0x00000000eae00000)
 ParOldGen       total 81920K, used 34127K [0x00000000a0000000, 0x00000000a5000000, 0x00000000e0000000)
  object space 81920K, 41% used [0x00000000a0000000,0x00000000a2153f40,0x00000000a5000000)
 Metaspace       used 56569K, capacity 58822K, committed 59136K, reserved 1099776K
  class space    used 7950K, capacity 8410K, committed 8448K, reserved 1048576K
}

