# JRE version: Java(TM) SE Runtime Environment (8.0_381) (build 1.8.0_381-b09)
# Java VM: Java HotSpot(TM) 64-Bit Server VM (25.381-b09 mixed mode windows-amd64 compressed oops)
Heap:
 PSYoungGen      total 137728K, used 55489K [0x00000000e0000000, 0x00000000eb500000, 0x0000000100000000)
  eden space 126976K, 43% used [0x00000000e0000000,0x00000000e3630650,0x00000000e7c00000)
  from space 10752K, 0% used [0x00000000e7c00000,0x00000000e7c00000,0x00000000e8680000)
  to   space 12288K, 0% used [0x00000000ea900000,0x00000000ea900000,0x00000000eb500000)
 ParOldGen       total 85504K, used 18031K [0x00000000a0000000, 0x00000000a5380000, 0x00000000e0000000)
  object space 85504K, 21% used [0x00000000a0000000,0x00000000a119be80,0x00000000a5380000)
 Metaspace       used 37013K, capacity 38360K, committed 38656K, reserved 1083392K
  class space    used 5215K, capacity 5518K, committed 5632K, reserved 1048576K
GC Heap History (10 events):
Event: 4.099 GC heap before
{Heap before GC invocations=7 (full 0):
 PSYoungGen      total 75264K, used 21117K [0x00000000e0000000, 0x00000000e5500000, 0x0000000100000000)
  eden space 65024K, 19% used [0x00000000e0000000,0x00000000e0c45f40,0x00000000e3f80000)
  from space 10240K, 83% used [0x00000000e4a00000,0x00000000e5259530,0x00000000e5400000)
  to   space 10752K, 0% used [0x00000000e3f80000,0x00000000e3f80000,0x00000000e4a00000)
 ParOldGen       total 86016K, used 7332K [0x00000000a0000000, 0x00000000a5400000, 0x00000000e0000000)
  object space 86016K, 8% used [0x00000000a0000000,0x00000000a07293d8,0x00000000a5400000)
 Metaspace       used 20621K, capacity 21270K, committed 21296K, reserved 1067008K
  class space    used 3016K, capacity 3191K, committed 3200K, reserved 1048576K
Event: 4.106 GC heap after
Heap after GC invocations=7 (full 0):
 PSYoungGen      total 75776K, used 4849K [0x00000000e0000000, 0x00000000e9400000, 0x0000000100000000)
  eden space 65024K, 0% used [0x00000000e0000000,0x00000000e0000000,0x00000000e3f80000)
  from space 10752K, 45% used [0x00000000e3f80000,0x00000000e443c600,0x00000000e4a00000)
  to   space 10752K, 0% used [0x00000000e8980000,0x00000000e8980000,0x00000000e9400000)
 ParOldGen       total 86016K, used 9837K [0x00000000a0000000, 0x00000000a5400000, 0x00000000e0000000)
  object space 86016K, 11% used [0x00000000a0000000,0x00000000a099b458,0x00000000a5400000)
 Metaspace       used 20621K, capacity 21270K, committed 21296K, reserved 1067008K
  class space    used 3016K, capacity 3191K, committed 3200K, reserved 1048576K
}
Event: 4.106 GC heap before
{Heap before GC invocations=8 (full 1):
 PSYoungGen      total 75776K, used 4849K [0x00000000e0000000, 0x00000000e9400000, 0x0000000100000000)
  eden space 65024K, 0% used [0x00000000e0000000,0x00000000e0000000,0x00000000e3f80000)
  from space 10752K, 45% used [0x00000000e3f80000,0x00000000e443c600,0x00000000e4a00000)
  to   space 10752K, 0% used [0x00000000e8980000,0x00000000e8980000,0x00000000e9400000)
 ParOldGen       total 86016K, used 9837K [0x00000000a0000000, 0x00000000a5400000, 0x00000000e0000000)
  object space 86016K, 11% used [0x00000000a0000000,0x00000000a099b458,0x00000000a5400000)
 Metaspace       used 20621K, capacity 21270K, committed 21296K, reserved 1067008K
  class space    used 3016K, capacity 3191K, committed 3200K, reserved 1048576K
Event: 4.142 GC heap after
Heap after GC invocations=8 (full 1):
 PSYoungGen      total 75776K, used 0K [0x00000000e0000000, 0x00000000e9400000, 0x0000000100000000)
  eden space 65024K, 0% used [0x00000000e0000000,0x00000000e0000000,0x00000000e3f80000)
  from space 10752K, 0% used [0x00000000e3f80000,0x00000000e3f80000,0x00000000e4a00000)
  to   space 10752K, 0% used [0x00000000e8980000,0x00000000e8980000,0x00000000e9400000)
 ParOldGen       total 53248K, used 8105K [0x00000000a0000000, 0x00000000a3400000, 0x00000000e0000000)
  object space 53248K, 15% used [0x00000000a0000000,0x00000000a07ea410,0x00000000a3400000)
 Metaspace       used 20621K, capacity 21270K, committed 21296K, reserved 1067008K
  class space    used 3016K, capacity 3191K, committed 3200K, reserved 1048576K
}
Event: 4.807 GC heap before
{Heap before GC invocations=9 (full 1):
 PSYoungGen      total 75776K, used 65024K [0x00000000e0000000, 0x00000000e9400000, 0x0000000100000000)
  eden space 65024K, 100% used [0x00000000e0000000,0x00000000e3f80000,0x00000000e3f80000)
  from space 10752K, 0% used [0x00000000e3f80000,0x00000000e3f80000,0x00000000e4a00000)
  to   space 10752K, 0% used [0x00000000e8980000,0x00000000e8980000,0x00000000e9400000)
 ParOldGen       total 53248K, used 8105K [0x00000000a0000000, 0x00000000a3400000, 0x00000000e0000000)
  object space 53248K, 15% used [0x00000000a0000000,0x00000000a07ea410,0x00000000a3400000)
 Metaspace       used 26480K, capacity 27338K, committed 27520K, reserved 1073152K
  class space    used 3872K, capacity 4114K, committed 4224K, reserved 1048576K
Event: 4.812 GC heap after
Heap after GC invocations=9 (full 1):
 PSYoungGen      total 120320K, used 7213K [0x00000000e0000000, 0x00000000e9100000, 0x0000000100000000)
  eden space 112640K, 0% used [0x00000000e0000000,0x00000000e0000000,0x00000000e6e00000)
  from space 7680K, 93% used [0x00000000e8980000,0x00000000e908b7b0,0x00000000e9100000)
  to   space 10752K, 0% used [0x00000000e7c00000,0x00000000e7c00000,0x00000000e8680000)
 ParOldGen       total 53248K, used 8113K [0x00000000a0000000, 0x00000000a3400000, 0x00000000e0000000)
  object space 53248K, 15% used [0x00000000a0000000,0x00000000a07ec410,0x00000000a3400000)
 Metaspace       used 26480K, capacity 27338K, committed 27520K, reserved 1073152K
  class space    used 3872K, capacity 4114K, committed 4224K, reserved 1048576K
}
Event: 6.586 GC heap before
{Heap before GC invocations=10 (full 1):
 PSYoungGen      total 120320K, used 96617K [0x00000000e0000000, 0x00000000e9100000, 0x0000000100000000)
  eden space 112640K, 79% used [0x00000000e0000000,0x00000000e574ee68,0x00000000e6e00000)
  from space 7680K, 93% used [0x00000000e8980000,0x00000000e908b7b0,0x00000000e9100000)
  to   space 10752K, 0% used [0x00000000e7c00000,0x00000000e7c00000,0x00000000e8680000)
 ParOldGen       total 53248K, used 8113K [0x00000000a0000000, 0x00000000a3400000, 0x00000000e0000000)
  object space 53248K, 15% used [0x00000000a0000000,0x00000000a07ec410,0x00000000a3400000)
 Metaspace       used 34245K, capacity 35362K, committed 35496K, reserved 1079296K
  class space    used 4781K, capacity 5041K, committed 5120K, reserved 1048576K
Event: 6.613 GC heap after
Heap after GC invocations=10 (full 1):
 PSYoungGen      total 137728K, used 10732K [0x00000000e0000000, 0x00000000eb500000, 0x0000000100000000)
  eden space 126976K, 0% used [0x00000000e0000000,0x00000000e0000000,0x00000000e7c00000)
  from space 10752K, 99% used [0x00000000e7c00000,0x00000000e867b160,0x00000000e8680000)
  to   space 12288K, 0% used [0x00000000ea900000,0x00000000ea900000,0x00000000eb500000)
 ParOldGen       total 53248K, used 8468K [0x00000000a0000000, 0x00000000a3400000, 0x00000000e0000000)
  object space 53248K, 15% used [0x00000000a0000000,0x00000000a0845118,0x00000000a3400000)
 Metaspace       used 34245K, capacity 35362K, committed 35496K, reserved 1079296K
  class space    used 4781K, capacity 5041K, committed 5120K, reserved 1048576K
}
Event: 6.613 GC heap before
{Heap before GC invocations=11 (full 2):
 PSYoungGen      total 137728K, used 10732K [0x00000000e0000000, 0x00000000eb500000, 0x0000000100000000)
  eden space 126976K, 0% used [0x00000000e0000000,0x00000000e0000000,0x00000000e7c00000)
  from space 10752K, 99% used [0x00000000e7c00000,0x00000000e867b160,0x00000000e8680000)
  to   space 12288K, 0% used [0x00000000ea900000,0x00000000ea900000,0x00000000eb500000)
 ParOldGen       total 53248K, used 8468K [0x00000000a0000000, 0x00000000a3400000, 0x00000000e0000000)
  object space 53248K, 15% used [0x00000000a0000000,0x00000000a0845118,0x00000000a3400000)
 Metaspace       used 34245K, capacity 35362K, committed 35496K, reserved 1079296K
  class space    used 4781K, capacity 5041K, committed 5120K, reserved 1048576K
Event: 6.722 GC heap after
Heap after GC invocations=11 (full 2):
 PSYoungGen      total 137728K, used 0K [0x00000000e0000000, 0x00000000eb500000, 0x0000000100000000)
  eden space 126976K, 0% used [0x00000000e0000000,0x00000000e0000000,0x00000000e7c00000)
  from space 10752K, 0% used [0x00000000e7c00000,0x00000000e7c00000,0x00000000e8680000)
  to   space 12288K, 0% used [0x00000000ea900000,0x00000000ea900000,0x00000000eb500000)
 ParOldGen       total 85504K, used 18031K [0x00000000a0000000, 0x00000000a5380000, 0x00000000e0000000)
  object space 85504K, 21% used [0x00000000a0000000,0x00000000a119be80,0x00000000a5380000)
 Metaspace       used 34245K, capacity 35362K, committed 35496K, reserved 1079296K
  class space    used 4781K, capacity 5041K, committed 5120K, reserved 1048576K
}

